# JRE version: OpenJDK Runtime Environment (17.0.9) (build 17.0.9+0--11185874)
# Java VM: OpenJDK 64-Bit Server VM (17.0.9+0--11185874, mixed mode, tiered, compressed oops, compressed class ptrs, g1 gc, windows-amd64)
GC Precious Log:
 CPUs: 12 total, 12 available
 Memory: 16089M
 Large Page Support: Disabled
 NUMA Support: Disabled
 Compressed Oops: Enabled (32-bit)
 Heap Region Size: 1M
 Heap Min Capacity: 8M
 Heap Initial Capacity: 252M
 Heap Max Capacity: 2G
 Pre-touch: Disabled
 Parallel Workers: 10
 Concurrent Workers: 3
 Concurrent Refinement Workers: 10
 Periodic GC: Disabled
Heap:
 garbage-first heap   total 125952K, used 75666K [0x0000000080000000, 0x0000000100000000)
  region size 1024K, 1 young (1024K), 1 survivors (1024K)
 Metaspace       used 69514K, committed 70080K, reserved 1114112K
  class space    used 9342K, committed 9600K, reserved 1048576K
GC Heap History (20 events):
Event: 6.626 GC heap after
{Heap after GC invocations=13 (full 0):
 garbage-first heap   total 104448K, used 37920K [0x0000000080000000, 0x0000000100000000)
  region size 1024K, 6 young (6144K), 6 survivors (6144K)
 Metaspace       used 46999K, committed 47360K, reserved 1114112K
  class space    used 6233K, committed 6400K, reserved 1048576K
}
Event: 6.967 GC heap before
{Heap before GC invocations=13 (full 0):
 garbage-first heap   total 104448K, used 80928K [0x0000000080000000, 0x0000000100000000)
  region size 1024K, 48 young (49152K), 6 survivors (6144K)
 Metaspace       used 47306K, committed 47680K, reserved 1114112K
  class space    used 6269K, committed 6464K, reserved 1048576K
}
Event: 6.973 GC heap after
{Heap after GC invocations=14 (full 0):
 garbage-first heap   total 104448K, used 39646K [0x0000000080000000, 0x0000000100000000)
  region size 1024K, 5 young (5120K), 5 survivors (5120K)
 Metaspace       used 47306K, committed 47680K, reserved 1114112K
  class space    used 6269K, committed 6464K, reserved 1048576K
}
Event: 7.892 GC heap before
{Heap before GC invocations=14 (full 0):
 garbage-first heap   total 104448K, used 81630K [0x0000000080000000, 0x0000000100000000)
  region size 1024K, 46 young (47104K), 5 survivors (5120K)
 Metaspace       used 51107K, committed 51520K, reserved 1114112K
  class space    used 6685K, committed 6848K, reserved 1048576K
}
Event: 7.896 GC heap after
{Heap after GC invocations=15 (full 0):
 garbage-first heap   total 104448K, used 42882K [0x0000000080000000, 0x0000000100000000)
  region size 1024K, 6 young (6144K), 6 survivors (6144K)
 Metaspace       used 51107K, committed 51520K, reserved 1114112K
  class space    used 6685K, committed 6848K, reserved 1048576K
}
Event: 8.416 GC heap before
{Heap before GC invocations=15 (full 0):
 garbage-first heap   total 104448K, used 84866K [0x0000000080000000, 0x0000000100000000)
  region size 1024K, 45 young (46080K), 6 survivors (6144K)
 Metaspace       used 55041K, committed 55488K, reserved 1114112K
  class space    used 7247K, committed 7424K, reserved 1048576K
}
Event: 8.421 GC heap after
{Heap after GC invocations=16 (full 0):
 garbage-first heap   total 104448K, used 44784K [0x0000000080000000, 0x0000000100000000)
  region size 1024K, 5 young (5120K), 5 survivors (5120K)
 Metaspace       used 55041K, committed 55488K, reserved 1114112K
  class space    used 7247K, committed 7424K, reserved 1048576K
}
Event: 9.030 GC heap before
{Heap before GC invocations=16 (full 0):
 garbage-first heap   total 104448K, used 81648K [0x0000000080000000, 0x0000000100000000)
  region size 1024K, 42 young (43008K), 5 survivors (5120K)
 Metaspace       used 59749K, committed 60288K, reserved 1114112K
  class space    used 7988K, committed 8256K, reserved 1048576K
}
Event: 9.034 GC heap after
{Heap after GC invocations=17 (full 0):
 garbage-first heap   total 104448K, used 46647K [0x0000000080000000, 0x0000000100000000)
  region size 1024K, 5 young (5120K), 5 survivors (5120K)
 Metaspace       used 59749K, committed 60288K, reserved 1114112K
  class space    used 7988K, committed 8256K, reserved 1048576K
}
Event: 9.744 GC heap before
{Heap before GC invocations=18 (full 0):
 garbage-first heap   total 104448K, used 83511K [0x0000000080000000, 0x0000000100000000)
  region size 1024K, 41 young (41984K), 5 survivors (5120K)
 Metaspace       used 63788K, committed 64384K, reserved 1114112K
  class space    used 8650K, committed 8896K, reserved 1048576K
}
Event: 9.750 GC heap after
{Heap after GC invocations=19 (full 0):
 garbage-first heap   total 125952K, used 49393K [0x0000000080000000, 0x0000000100000000)
  region size 1024K, 5 young (5120K), 5 survivors (5120K)
 Metaspace       used 63788K, committed 64384K, reserved 1114112K
  class space    used 8650K, committed 8896K, reserved 1048576K
}
Event: 9.785 GC heap before
{Heap before GC invocations=19 (full 0):
 garbage-first heap   total 125952K, used 50417K [0x0000000080000000, 0x0000000100000000)
  region size 1024K, 6 young (6144K), 5 survivors (5120K)
 Metaspace       used 63836K, committed 64384K, reserved 1114112K
  class space    used 8654K, committed 8896K, reserved 1048576K
}
Event: 9.789 GC heap after
{Heap after GC invocations=20 (full 0):
 garbage-first heap   total 125952K, used 49986K [0x0000000080000000, 0x0000000100000000)
  region size 1024K, 1 young (1024K), 1 survivors (1024K)
 Metaspace       used 63836K, committed 64384K, reserved 1114112K
  class space    used 8654K, committed 8896K, reserved 1048576K
}
Event: 10.249 GC heap before
{Heap before GC invocations=20 (full 0):
 garbage-first heap   total 125952K, used 87874K [0x0000000080000000, 0x0000000100000000)
  region size 1024K, 33 young (33792K), 1 survivors (1024K)
 Metaspace       used 64681K, committed 65280K, reserved 1114112K
  class space    used 8734K, committed 8960K, reserved 1048576K
}
Event: 10.252 GC heap after
{Heap after GC invocations=21 (full 0):
 garbage-first heap   total 125952K, used 64218K [0x0000000080000000, 0x0000000100000000)
  region size 1024K, 7 young (7168K), 7 survivors (7168K)
 Metaspace       used 64681K, committed 65280K, reserved 1114112K
  class space    used 8734K, committed 8960K, reserved 1048576K
}
Event: 10.642 GC heap before
{Heap before GC invocations=22 (full 0):
 garbage-first heap   total 125952K, used 106202K [0x0000000080000000, 0x0000000100000000)
  region size 1024K, 41 young (41984K), 7 survivors (7168K)
 Metaspace       used 66876K, committed 67456K, reserved 1114112K
  class space    used 9023K, committed 9280K, reserved 1048576K
}
Event: 10.647 GC heap after
{Heap after GC invocations=23 (full 0):
 garbage-first heap   total 125952K, used 75162K [0x0000000080000000, 0x0000000100000000)
  region size 1024K, 5 young (5120K), 5 survivors (5120K)
 Metaspace       used 66876K, committed 67456K, reserved 1114112K
  class space    used 9023K, committed 9280K, reserved 1048576K
}
Event: 10.653 GC heap before
{Heap before GC invocations=23 (full 0):
 garbage-first heap   total 125952K, used 76186K [0x0000000080000000, 0x0000000100000000)
  region size 1024K, 6 young (6144K), 5 survivors (5120K)
 Metaspace       used 66943K, committed 67520K, reserved 1114112K
  class space    used 9032K, committed 9280K, reserved 1048576K
}
Event: 10.656 GC heap after
{Heap after GC invocations=24 (full 0):
 garbage-first heap   total 125952K, used 75078K [0x0000000080000000, 0x0000000100000000)
  region size 1024K, 1 young (1024K), 1 survivors (1024K)
 Metaspace       used 66943K, committed 67520K, reserved 1114112K
  class space    used 9032K, committed 9280K, reserved 1048576K
}
Event: 10.979 GC heap before
{Heap before GC invocations=24 (full 0):
 garbage-first heap   total 125952K, used 102726K [0x0000000080000000, 0x0000000100000000)
  region size 1024K, 28 young (28672K), 1 survivors (1024K)
 Metaspace       used 69514K, committed 70080K, reserved 1114112K
  class space    used 9342K, committed 9600K, reserved 1048576K
}

